[debug] [2019-01-28T16:47:41.028Z] ----------------------------------------------------------------------
[debug] [2019-01-28T16:47:41.030Z] Command:       /usr/local/Cellar/node/10.2.1/bin/node /usr/local/bin/firebase serve
[debug] [2019-01-28T16:47:41.030Z] CLI Version:   6.3.0
[debug] [2019-01-28T16:47:41.030Z] Platform:      darwin
[debug] [2019-01-28T16:47:41.030Z] Node Version:  v10.2.1
[debug] [2019-01-28T16:47:41.030Z] Time:          Mon Jan 28 2019 11:47:41 GMT-0500 (EST)
[debug] [2019-01-28T16:47:41.030Z] ----------------------------------------------------------------------
[debug] 
[debug] [2019-01-28T16:47:41.041Z] > command requires scopes: ["email","openid","https://www.googleapis.com/auth/cloudplatformprojects.readonly","https://www.googleapis.com/auth/firebase","https://www.googleapis.com/auth/cloud-platform"]
[debug] [2019-01-28T16:47:41.042Z] > authorizing via signed-in user
[debug] [2019-01-28T16:47:41.042Z] [iam] checking project ok-website-228515 for permissions ["firebase.projects.get"]
[debug] [2019-01-28T16:47:41.044Z] >>> HTTP REQUEST POST https://cloudresourcemanager.googleapis.com/v1/projects/ok-website-228515:testIamPermissions  

[debug] [2019-01-28T16:47:41.243Z] <<< HTTP RESPONSE 200
[debug] [2019-01-28T16:47:41.245Z] >>> HTTP REQUEST GET https://cloudresourcemanager.googleapis.com/v1/projects/ok-website-228515  
 
[debug] [2019-01-28T16:47:41.373Z] <<< HTTP RESPONSE 200
[info] 
[info] === Serving from '/Users/frankierodriguez/Dev/health'...
[info] 
[debug] [2019-01-28T16:47:41.375Z] >>> HTTP REQUEST GET https://mobilesdk-pa.googleapis.com/v1/projects/883132090743/clients/_:getWebAppConfig  
 
[debug] [2019-01-28T16:47:41.689Z] <<< HTTP RESPONSE 200
[info] i  hosting: Serving hosting files from: build
[info] ✔  hosting: Local server: http://localhost:5000
